<?xml version="1.0" encoding="UTF-8"?>
<TestRun id="c471835d-a662-4eaa-b753-f975d0bb7b1d" name="FGM@DELL7000 2015-01-22 18:25:01" runUser="Dell7000\FGM" xmlns="http://microsoft.com/schemas/VisualStudio/TeamTest/2006">
  <TestRunConfiguration name="Ejecución de pruebas local" id="36892c21-a994-4aa5-9de0-3d11072462b5">
    <Description>Configuración de ejecución de pruebas predeterminada para una ejecución de pruebas local.</Description>
    <Deployment runDeploymentRoot="C:\Users\FGM\Dropbox\Hans Molina Fleming\Verano2015\GHAU\Israel\TestResults\FGM_DELL7000 2015-01-22 18_25_01">
      <DeploymentItem filename="C:\Users\FGM\Dropbox\Hans Molina Fleming\Verano2015\GHAU\Israel\GHAU_CapaDatos\bin\Debug\GHAU_CapaDatos.dll" />
      <DeploymentItem filename="C:\Users\FGM\Dropbox\Hans Molina Fleming\Verano2015\GHAU\Israel\GHAU_CapaNegocio\bin\Debug\GHAU_CapaNegocio.dll" />
    </Deployment>
    <TestTypeSpecific />
  </TestRunConfiguration>
  <ResultSummary outcome="Error">
    <Counters total="3" executed="3" passed="1" error="0" failed="1" timeout="0" aborted="1" inconclusive="0" passedButRunAborted="0" notRunnable="0" notExecuted="0" disconnected="0" warning="0" completed="0" inProgress="0" pending="0" />
    <RunInfos>
      <RunInfo computerName="DELL7000" outcome="Error" timestamp="2015-01-22T18:26:04.3243210-03:00">
        <Text>Test host process exited unexpectedly.</Text>
      </RunInfo>
    </RunInfos>
  </ResultSummary>
  <Times creation="2015-01-22T18:25:01.8960917-03:00" queuing="2015-01-22T18:25:03.2019782-03:00" start="2015-01-22T18:25:03.3140450-03:00" finish="2015-01-22T18:26:04.3253217-03:00" />
  <TestDefinitions>
    <UnitTest name="ingreso_eventoTest" storage="c:\users\fgm\dropbox\hans molina fleming\verano2015\ghau\israel\testproject1\bin\debug\testproject1.dll" id="efb122d4-2727-8cdc-7b5b-f4fa95109858">
      <Css projectStructure="" iteration="" />
      <Owners>
        <Owner name="" />
      </Owners>
      <Execution id="a850f03e-c3b4-4282-94c4-448921fb3f73" />
      <TestMethod codeBase="C:\Users\FGM\Dropbox\Hans Molina Fleming\Verano2015\GHAU\Israel\TestProject1\bin\Debug\TestProject1.dll" adapterTypeName="Microsoft.VisualStudio.TestTools.TestTypes.Unit.UnitTestAdapter, Microsoft.VisualStudio.QualityTools.Tips.UnitTest.Adapter, Version=9.0.0.0, Culture=neutral, PublicKeyToken=b03f5f7f11d50a3a" className="TestProject1.EventosTest, TestProject1" name="ingreso_eventoTest" />
    </UnitTest>
    <UnitTest name="ValidarChoquesExcelTest" storage="c:\users\fgm\dropbox\hans molina fleming\verano2015\ghau\israel\testproject1\bin\debug\testproject1.dll" id="f2908aa8-f366-5947-4a6b-876c6c36cba1">
      <Css projectStructure="" iteration="" />
      <Owners>
        <Owner name="" />
      </Owners>
      <Execution id="1679265f-65b5-4a9a-9f29-7b7b73391d24" />
      <TestMethod codeBase="C:\Users\FGM\Dropbox\Hans Molina Fleming\Verano2015\GHAU\Israel\TestProject1\bin\Debug\TestProject1.dll" adapterTypeName="Microsoft.VisualStudio.TestTools.TestTypes.Unit.UnitTestAdapter, Microsoft.VisualStudio.QualityTools.Tips.UnitTest.Adapter, Version=9.0.0.0, Culture=neutral, PublicKeyToken=b03f5f7f11d50a3a" className="TestProject1.ExcelTest, TestProject1" name="ValidarChoquesExcelTest" />
    </UnitTest>
    <UnitTest name="modularizacionTest" storage="c:\users\fgm\dropbox\hans molina fleming\verano2015\ghau\israel\testproject1\bin\debug\testproject1.dll" id="d90d9c01-a388-00ed-3a2c-4a3849298f26">
      <Css projectStructure="" iteration="" />
      <Owners>
        <Owner name="" />
      </Owners>
      <Execution id="1f8b3de8-7b8a-4bb5-83d6-0e45b301a31d" />
      <TestMethod codeBase="C:\Users\FGM\Dropbox\Hans Molina Fleming\Verano2015\GHAU\Israel\TestProject1\bin\Debug\TestProject1.dll" adapterTypeName="Microsoft.VisualStudio.TestTools.TestTypes.Unit.UnitTestAdapter, Microsoft.VisualStudio.QualityTools.Tips.UnitTest.Adapter, Version=9.0.0.0, Culture=neutral, PublicKeyToken=b03f5f7f11d50a3a" className="TestProject1.funcionesTest, TestProject1" name="modularizacionTest" />
    </UnitTest>
  </TestDefinitions>
  <TestLists>
    <TestList name="Results Not in a List" id="8c84fa94-04c1-424b-9868-57a2d4851a1d" />
    <TestList name="All Loaded Results" id="19431567-8539-422a-85d7-44ee4e166bda" />
  </TestLists>
  <TestEntries>
    <TestEntry testId="efb122d4-2727-8cdc-7b5b-f4fa95109858" executionId="a850f03e-c3b4-4282-94c4-448921fb3f73" testListId="8c84fa94-04c1-424b-9868-57a2d4851a1d" />
    <TestEntry testId="d90d9c01-a388-00ed-3a2c-4a3849298f26" executionId="1f8b3de8-7b8a-4bb5-83d6-0e45b301a31d" testListId="8c84fa94-04c1-424b-9868-57a2d4851a1d" />
    <TestEntry testId="f2908aa8-f366-5947-4a6b-876c6c36cba1" executionId="3a89e112-5e7a-4c55-b472-cf8236611c6a" testListId="8c84fa94-04c1-424b-9868-57a2d4851a1d" />
  </TestEntries>
  <Results>
    <UnitTestResult executionId="a850f03e-c3b4-4282-94c4-448921fb3f73" testId="efb122d4-2727-8cdc-7b5b-f4fa95109858" testName="ingreso_eventoTest" computerName="DELL7000" duration="00:00:00.1172889" startTime="2015-01-22T18:25:03.4386586-03:00" endTime="2015-01-22T18:25:03.8879772-03:00" testType="13cdc9d9-ddb5-4fa4-a97d-d965ccfc6d4b" outcome="Passed" testListId="8c84fa94-04c1-424b-9868-57a2d4851a1d">
      <Output>
      </Output>
    </UnitTestResult>
    <UnitTestResult executionId="1f8b3de8-7b8a-4bb5-83d6-0e45b301a31d" testId="d90d9c01-a388-00ed-3a2c-4a3849298f26" testName="modularizacionTest" computerName="DELL7000" duration="00:00:00.0202856" startTime="2015-01-22T18:25:03.8899786-03:00" endTime="2015-01-22T18:25:03.9136047-03:00" testType="13cdc9d9-ddb5-4fa4-a97d-d965ccfc6d4b" outcome="Failed" testListId="8c84fa94-04c1-424b-9868-57a2d4851a1d">
      <Output>
        <ErrorInfo>
          <Message>Test method TestProject1.funcionesTest.modularizacionTest threw exception:  System.IndexOutOfRangeException: Index was outside the bounds of the array..</Message>
          <StackTrace>    at GHAU_CapaNegocio.funciones.modularizacion(String inicio, String fin, String Jornada) in C:\Users\FGM\Dropbox\Hans Molina Fleming\Verano2015\GHAU\Israel\GHAU_CapaNegocio\Funciones.vb:line 236
   at TestProject1.funcionesTest.modularizacionTest() in C:\Users\FGM\Dropbox\Hans Molina Fleming\Verano2015\GHAU\Israel\TestProject1\funcionesTest.vb:line 68
</StackTrace>
        </ErrorInfo>
      </Output>
    </UnitTestResult>
    <UnitTestResult executionId="3a89e112-5e7a-4c55-b472-cf8236611c6a" testId="f2908aa8-f366-5947-4a6b-876c6c36cba1" testName="ValidarChoquesExcelTest" computerName="DELL7000" duration="00:01:00.3889855" startTime="2015-01-22T18:25:03.9353355-03:00" endTime="2015-01-22T18:26:04.3243210-03:00" testType="13cdc9d9-ddb5-4fa4-a97d-d965ccfc6d4b" outcome="Aborted" testListId="8c84fa94-04c1-424b-9868-57a2d4851a1d">
    </UnitTestResult>
  </Results>
</TestRun>