<?xml version="1.0" encoding="UTF-8"?>
<TestRun id="ce31f98a-d87b-449a-8495-64bff7c89878" name="FGM@DELL7000 2015-01-23 11:42:06" runUser="Dell7000\FGM" xmlns="http://microsoft.com/schemas/VisualStudio/TeamTest/2006">
  <TestRunConfiguration name="Ejecución de pruebas local" id="36892c21-a994-4aa5-9de0-3d11072462b5">
    <Description>Configuración de ejecución de pruebas predeterminada para una ejecución de pruebas local.</Description>
    <Deployment runDeploymentRoot="C:\Users\FGM\Dropbox\Hans Molina Fleming\Verano2015\GHAU\Israel\TestResults\FGM_DELL7000 2015-01-23 11_42_06">
      <DeploymentItem filename="C:\Users\FGM\Dropbox\Hans Molina Fleming\Verano2015\GHAU\Israel\GHAU_CapaDatos\bin\Debug\GHAU_CapaDatos.dll" />
      <DeploymentItem filename="C:\Users\FGM\Dropbox\Hans Molina Fleming\Verano2015\GHAU\Israel\GHAU_CapaNegocio\bin\Debug\GHAU_CapaNegocio.dll" />
    </Deployment>
    <TestTypeSpecific />
  </TestRunConfiguration>
  <ResultSummary outcome="Completed">
    <Counters total="3" executed="3" passed="3" error="0" failed="0" timeout="0" aborted="0" inconclusive="0" passedButRunAborted="0" notRunnable="0" notExecuted="0" disconnected="0" warning="0" completed="0" inProgress="0" pending="0" />
  </ResultSummary>
  <Times creation="2015-01-23T11:42:06.1232756-03:00" queuing="2015-01-23T11:42:11.7033178-03:00" start="2015-01-23T11:42:11.8981259-03:00" finish="2015-01-23T11:42:13.2489515-03:00" />
  <TestDefinitions>
    <UnitTest name="ingreso_eventoTest" storage="c:\users\fgm\dropbox\hans molina fleming\verano2015\ghau\israel\testproject1\bin\debug\testproject1.dll" id="efb122d4-2727-8cdc-7b5b-f4fa95109858">
      <Css projectStructure="" iteration="" />
      <Owners>
        <Owner name="" />
      </Owners>
      <Execution id="b6685c28-0b55-43f3-9063-9f097995a7d6" />
      <TestMethod codeBase="C:\Users\FGM\Dropbox\Hans Molina Fleming\Verano2015\GHAU\Israel\TestProject1\bin\Debug\TestProject1.dll" adapterTypeName="Microsoft.VisualStudio.TestTools.TestTypes.Unit.UnitTestAdapter, Microsoft.VisualStudio.QualityTools.Tips.UnitTest.Adapter, Version=9.0.0.0, Culture=neutral, PublicKeyToken=b03f5f7f11d50a3a" className="TestProject1.EventosTest, TestProject1" name="ingreso_eventoTest" />
    </UnitTest>
    <UnitTest name="ValidarChoquesExcelTest" storage="c:\users\fgm\dropbox\hans molina fleming\verano2015\ghau\israel\testproject1\bin\debug\testproject1.dll" id="f2908aa8-f366-5947-4a6b-876c6c36cba1">
      <Css projectStructure="" iteration="" />
      <Owners>
        <Owner name="" />
      </Owners>
      <Execution id="c4c8192f-f67a-4aec-bb8b-9179baecb701" />
      <TestMethod codeBase="C:\Users\FGM\Dropbox\Hans Molina Fleming\Verano2015\GHAU\Israel\TestProject1\bin\Debug\TestProject1.dll" adapterTypeName="Microsoft.VisualStudio.TestTools.TestTypes.Unit.UnitTestAdapter, Microsoft.VisualStudio.QualityTools.Tips.UnitTest.Adapter, Version=9.0.0.0, Culture=neutral, PublicKeyToken=b03f5f7f11d50a3a" className="TestProject1.ExcelTest, TestProject1" name="ValidarChoquesExcelTest" />
    </UnitTest>
    <UnitTest name="modularizacionTest" storage="c:\users\fgm\dropbox\hans molina fleming\verano2015\ghau\israel\testproject1\bin\debug\testproject1.dll" id="d90d9c01-a388-00ed-3a2c-4a3849298f26">
      <Css projectStructure="" iteration="" />
      <Owners>
        <Owner name="" />
      </Owners>
      <Execution id="5005eade-f2b1-4868-aad1-1ed537c42a16" />
      <TestMethod codeBase="C:\Users\FGM\Dropbox\Hans Molina Fleming\Verano2015\GHAU\Israel\TestProject1\bin\Debug\TestProject1.dll" adapterTypeName="Microsoft.VisualStudio.TestTools.TestTypes.Unit.UnitTestAdapter, Microsoft.VisualStudio.QualityTools.Tips.UnitTest.Adapter, Version=9.0.0.0, Culture=neutral, PublicKeyToken=b03f5f7f11d50a3a" className="TestProject1.funcionesTest, TestProject1" name="modularizacionTest" />
    </UnitTest>
  </TestDefinitions>
  <TestLists>
    <TestList name="Results Not in a List" id="8c84fa94-04c1-424b-9868-57a2d4851a1d" />
    <TestList name="All Loaded Results" id="19431567-8539-422a-85d7-44ee4e166bda" />
  </TestLists>
  <TestEntries>
    <TestEntry testId="efb122d4-2727-8cdc-7b5b-f4fa95109858" executionId="b6685c28-0b55-43f3-9063-9f097995a7d6" testListId="8c84fa94-04c1-424b-9868-57a2d4851a1d" />
    <TestEntry testId="f2908aa8-f366-5947-4a6b-876c6c36cba1" executionId="c4c8192f-f67a-4aec-bb8b-9179baecb701" testListId="8c84fa94-04c1-424b-9868-57a2d4851a1d" />
    <TestEntry testId="d90d9c01-a388-00ed-3a2c-4a3849298f26" executionId="5005eade-f2b1-4868-aad1-1ed537c42a16" testListId="8c84fa94-04c1-424b-9868-57a2d4851a1d" />
  </TestEntries>
  <Results>
    <UnitTestResult executionId="b6685c28-0b55-43f3-9063-9f097995a7d6" testId="efb122d4-2727-8cdc-7b5b-f4fa95109858" testName="ingreso_eventoTest" computerName="DELL7000" duration="00:00:00.3727144" startTime="2015-01-23T11:42:11.9801837-03:00" endTime="2015-01-23T11:42:12.7116473-03:00" testType="13cdc9d9-ddb5-4fa4-a97d-d965ccfc6d4b" outcome="Passed" testListId="8c84fa94-04c1-424b-9868-57a2d4851a1d">
      <Output>
      </Output>
    </UnitTestResult>
    <UnitTestResult executionId="c4c8192f-f67a-4aec-bb8b-9179baecb701" testId="f2908aa8-f366-5947-4a6b-876c6c36cba1" testName="ValidarChoquesExcelTest" computerName="DELL7000" duration="00:00:00.2723216" startTime="2015-01-23T11:42:12.7156507-03:00" endTime="2015-01-23T11:42:12.9968509-03:00" testType="13cdc9d9-ddb5-4fa4-a97d-d965ccfc6d4b" outcome="Passed" testListId="8c84fa94-04c1-424b-9868-57a2d4851a1d">
      <Output>
      </Output>
    </UnitTestResult>
    <UnitTestResult executionId="5005eade-f2b1-4868-aad1-1ed537c42a16" testId="d90d9c01-a388-00ed-3a2c-4a3849298f26" testName="modularizacionTest" computerName="DELL7000" duration="00:00:00.0048239" startTime="2015-01-23T11:42:13.0008537-03:00" endTime="2015-01-23T11:42:13.0088584-03:00" testType="13cdc9d9-ddb5-4fa4-a97d-d965ccfc6d4b" outcome="Passed" testListId="8c84fa94-04c1-424b-9868-57a2d4851a1d">
      <Output>
      </Output>
    </UnitTestResult>
  </Results>
</TestRun>