<?xml version="1.0" encoding="UTF-8"?>
<TestRun id="b73e65f7-9290-4a3e-9624-a32c970d2ba3" name="FGM@DELL7000 2015-01-22 18:08:10" runUser="Dell7000\FGM" xmlns="http://microsoft.com/schemas/VisualStudio/TeamTest/2006">
  <TestRunConfiguration name="Ejecución de pruebas local" id="36892c21-a994-4aa5-9de0-3d11072462b5">
    <Description>Configuración de ejecución de pruebas predeterminada para una ejecución de pruebas local.</Description>
    <Deployment runDeploymentRoot="C:\Users\FGM\Dropbox\Hans Molina Fleming\Verano2015\GHAU\Israel\TestResults\FGM_DELL7000 2015-01-22 18_08_10">
      <DeploymentItem filename="C:\Users\FGM\Dropbox\Hans Molina Fleming\Verano2015\GHAU\Israel\GHAU_CapaDatos\bin\Debug\GHAU_CapaDatos.dll" />
      <DeploymentItem filename="C:\Users\FGM\Dropbox\Hans Molina Fleming\Verano2015\GHAU\Israel\GHAU_CapaNegocio\bin\Debug\GHAU_CapaNegocio.dll" />
    </Deployment>
    <TestTypeSpecific />
  </TestRunConfiguration>
  <ResultSummary outcome="Failed">
    <Counters total="1" executed="1" error="0" failed="1" timeout="0" aborted="0" inconclusive="0" passedButRunAborted="0" notRunnable="0" notExecuted="0" disconnected="0" warning="0" passed="0" completed="0" inProgress="0" pending="0" />
    <RunInfos>
      <RunInfo computerName="DELL7000" outcome="Warning" timestamp="2015-01-22T18:08:10.4552879-03:00">
        <Text>Warning: conflict during test run deployment: deployment item 'c:\users\fgm\dropbox\hans molina fleming\verano2015\ghau\israel\testproject1\bin\release\GHAU_CapaNegocio.dll' directly or indirectly referenced by the test container 'c:\users\fgm\dropbox\hans molina fleming\verano2015\ghau\israel\testproject1\bin\release\testproject1.dll' cannot be deployed to 'GHAU_CapaNegocio.dll' because otherwise the file 'c:\users\fgm\dropbox\hans molina fleming\verano2015\ghau\israel\testproject1\bin\release\GHAU_CapaNegocio.dll' would overwrite deployment item 'C:\Users\FGM\Dropbox\Hans Molina Fleming\Verano2015\GHAU\Israel\GHAU_CapaNegocio\bin\Debug\GHAU_CapaNegocio.dll' directly or indirectly referenced by C:\Users\FGM\Dropbox\Hans Molina Fleming\Verano2015\GHAU\Israel\TestProject1\bin\Debug\TestProject1.dll.</Text>
      </RunInfo>
      <RunInfo computerName="DELL7000" outcome="Warning" timestamp="2015-01-22T18:08:10.4552879-03:00">
        <Text>Warning: conflict during test run deployment: deployment item 'c:\users\fgm\dropbox\hans molina fleming\verano2015\ghau\israel\testproject1\bin\release\GHAU_CapaDatos.dll' directly or indirectly referenced by the test container 'c:\users\fgm\dropbox\hans molina fleming\verano2015\ghau\israel\testproject1\bin\release\testproject1.dll' cannot be deployed to 'GHAU_CapaDatos.dll' because otherwise the file 'c:\users\fgm\dropbox\hans molina fleming\verano2015\ghau\israel\testproject1\bin\release\GHAU_CapaDatos.dll' would overwrite deployment item 'C:\Users\FGM\Dropbox\Hans Molina Fleming\Verano2015\GHAU\Israel\GHAU_CapaDatos\bin\Debug\GHAU_CapaDatos.dll' directly or indirectly referenced by C:\Users\FGM\Dropbox\Hans Molina Fleming\Verano2015\GHAU\Israel\TestProject1\bin\Debug\TestProject1.dll.</Text>
      </RunInfo>
    </RunInfos>
  </ResultSummary>
  <Times creation="2015-01-22T18:08:10.2638191-03:00" queuing="2015-01-22T18:08:10.4572878-03:00" start="2015-01-22T18:08:10.4831888-03:00" finish="2015-01-22T18:08:12.2900444-03:00" />
  <TestDefinitions>
    <UnitTest name="ValidarChoquesExcelTest" storage="c:\users\fgm\dropbox\hans molina fleming\verano2015\ghau\israel\testproject1\bin\release\testproject1.dll" id="f2908aa8-f366-5947-4a6b-876c6c36cba1">
      <Css projectStructure="" iteration="" />
      <Owners>
        <Owner name="" />
      </Owners>
      <Execution id="6e8cfae4-6d89-4513-bcc9-391c25e97f8a" />
      <TestMethod codeBase="C:\Users\FGM\Dropbox\Hans Molina Fleming\Verano2015\GHAU\Israel\TestProject1\bin\Release\TestProject1.dll" adapterTypeName="Microsoft.VisualStudio.TestTools.TestTypes.Unit.UnitTestAdapter, Microsoft.VisualStudio.QualityTools.Tips.UnitTest.Adapter, Version=9.0.0.0, Culture=neutral, PublicKeyToken=b03f5f7f11d50a3a" className="TestProject1.ExcelTest, TestProject1" name="ValidarChoquesExcelTest" />
    </UnitTest>
  </TestDefinitions>
  <TestLists>
    <TestList name="Results Not in a List" id="8c84fa94-04c1-424b-9868-57a2d4851a1d" />
    <TestList name="All Loaded Results" id="19431567-8539-422a-85d7-44ee4e166bda" />
  </TestLists>
  <TestEntries>
    <TestEntry testId="f2908aa8-f366-5947-4a6b-876c6c36cba1" executionId="6e8cfae4-6d89-4513-bcc9-391c25e97f8a" testListId="8c84fa94-04c1-424b-9868-57a2d4851a1d" />
  </TestEntries>
  <Results>
    <UnitTestResult executionId="6e8cfae4-6d89-4513-bcc9-391c25e97f8a" testId="f2908aa8-f366-5947-4a6b-876c6c36cba1" testName="ValidarChoquesExcelTest" computerName="DELL7000" duration="00:00:00.1459287" startTime="2015-01-22T18:08:10.4831888-03:00" endTime="2015-01-22T18:08:10.7753486-03:00" testType="13cdc9d9-ddb5-4fa4-a97d-d965ccfc6d4b" outcome="Failed" testListId="8c84fa94-04c1-424b-9868-57a2d4851a1d">
      <Output>
        <ErrorInfo>
          <Message>Assert.AreEqual failed. Expected:&lt;&gt;. Actual:&lt;&gt;. </Message>
          <StackTrace>   at TestProject1.ExcelTest.ValidarChoquesExcelTest() in C:\Users\FGM\Dropbox\Hans Molina Fleming\Verano2015\GHAU\Israel\TestProject1\ExcelTest.vb:line 117
</StackTrace>
        </ErrorInfo>
      </Output>
    </UnitTestResult>
  </Results>
</TestRun>