<?xml version="1.0" encoding="UTF-8"?>
<TestRun id="e020deb3-73a2-4d49-9a1d-0ae314e6ae20" name="FGM@DELL7000 2015-01-22 18:56:14" runUser="Dell7000\FGM" xmlns="http://microsoft.com/schemas/VisualStudio/TeamTest/2006">
  <TestRunConfiguration name="Ejecución de pruebas local" id="36892c21-a994-4aa5-9de0-3d11072462b5">
    <Description>Configuración de ejecución de pruebas predeterminada para una ejecución de pruebas local.</Description>
    <Deployment runDeploymentRoot="C:\Users\FGM\Dropbox\Hans Molina Fleming\Verano2015\GHAU\Israel\TestResults\FGM_DELL7000 2015-01-22 18_56_14">
      <DeploymentItem filename="C:\Users\FGM\Dropbox\Hans Molina Fleming\Verano2015\GHAU\Israel\GHAU_CapaDatos\bin\Debug\GHAU_CapaDatos.dll" />
      <DeploymentItem filename="C:\Users\FGM\Dropbox\Hans Molina Fleming\Verano2015\GHAU\Israel\GHAU_CapaNegocio\bin\Debug\GHAU_CapaNegocio.dll" />
    </Deployment>
    <TestTypeSpecific />
  </TestRunConfiguration>
  <ResultSummary outcome="Failed">
    <Counters total="3" executed="3" passed="2" error="0" failed="1" timeout="0" aborted="0" inconclusive="0" passedButRunAborted="0" notRunnable="0" notExecuted="0" disconnected="0" warning="0" completed="0" inProgress="0" pending="0" />
    <RunInfos>
      <RunInfo computerName="DELL7000" outcome="Warning" timestamp="2015-01-22T18:56:15.0741647-03:00">
        <Text>Warning: conflict during test run deployment: deployment item 'c:\users\fgm\dropbox\hans molina fleming\verano2015\ghau\israel\testproject1\bin\debug\GHAU_CapaDatos.dll' directly or indirectly referenced by the test container 'c:\users\fgm\dropbox\hans molina fleming\verano2015\ghau\israel\testproject1\bin\debug\testproject1.dll' cannot be deployed to 'GHAU_CapaDatos.dll' because otherwise the file 'c:\users\fgm\dropbox\hans molina fleming\verano2015\ghau\israel\testproject1\bin\debug\GHAU_CapaDatos.dll' would overwrite deployment item 'C:\Users\FGM\Dropbox\Hans Molina Fleming\Verano2015\GHAU\Israel\GHAU_CapaDatos\bin\Debug\GHAU_CapaDatos.dll' directly or indirectly referenced by C:\Users\FGM\Dropbox\Hans Molina Fleming\Verano2015\GHAU\Israel\TestProject1\bin\Debug\TestProject1.dll.</Text>
      </RunInfo>
    </RunInfos>
  </ResultSummary>
  <Times creation="2015-01-22T18:56:14.8910341-03:00" queuing="2015-01-22T18:56:16.5078025-03:00" start="2015-01-22T18:56:16.6379108-03:00" finish="2015-01-22T18:56:52.6291753-03:00" />
  <TestDefinitions>
    <UnitTest name="ingreso_eventoTest" storage="c:\users\fgm\dropbox\hans molina fleming\verano2015\ghau\israel\testproject1\bin\debug\testproject1.dll" id="efb122d4-2727-8cdc-7b5b-f4fa95109858">
      <Css projectStructure="" iteration="" />
      <Owners>
        <Owner name="" />
      </Owners>
      <Execution id="1dd62347-f930-4cb1-a555-0d232089b0b5" />
      <TestMethod codeBase="C:\Users\FGM\Dropbox\Hans Molina Fleming\Verano2015\GHAU\Israel\TestProject1\bin\Debug\TestProject1.dll" adapterTypeName="Microsoft.VisualStudio.TestTools.TestTypes.Unit.UnitTestAdapter, Microsoft.VisualStudio.QualityTools.Tips.UnitTest.Adapter, Version=9.0.0.0, Culture=neutral, PublicKeyToken=b03f5f7f11d50a3a" className="TestProject1.EventosTest, TestProject1" name="ingreso_eventoTest" />
    </UnitTest>
    <UnitTest name="ValidarChoquesExcelTest" storage="c:\users\fgm\dropbox\hans molina fleming\verano2015\ghau\israel\testproject1\bin\debug\testproject1.dll" id="f2908aa8-f366-5947-4a6b-876c6c36cba1">
      <Css projectStructure="" iteration="" />
      <Owners>
        <Owner name="" />
      </Owners>
      <Execution id="146b75f0-9cb6-48da-a976-7cdfe5a0e46d" />
      <TestMethod codeBase="C:\Users\FGM\Dropbox\Hans Molina Fleming\Verano2015\GHAU\Israel\TestProject1\bin\Debug\TestProject1.dll" adapterTypeName="Microsoft.VisualStudio.TestTools.TestTypes.Unit.UnitTestAdapter, Microsoft.VisualStudio.QualityTools.Tips.UnitTest.Adapter, Version=9.0.0.0, Culture=neutral, PublicKeyToken=b03f5f7f11d50a3a" className="TestProject1.ExcelTest, TestProject1" name="ValidarChoquesExcelTest" />
    </UnitTest>
    <UnitTest name="modularizacionTest" storage="c:\users\fgm\dropbox\hans molina fleming\verano2015\ghau\israel\testproject1\bin\debug\testproject1.dll" id="d90d9c01-a388-00ed-3a2c-4a3849298f26">
      <Css projectStructure="" iteration="" />
      <Owners>
        <Owner name="" />
      </Owners>
      <Execution id="90b6a529-21d9-407e-beef-c827ce0dcb15" />
      <TestMethod codeBase="C:\Users\FGM\Dropbox\Hans Molina Fleming\Verano2015\GHAU\Israel\TestProject1\bin\Debug\TestProject1.dll" adapterTypeName="Microsoft.VisualStudio.TestTools.TestTypes.Unit.UnitTestAdapter, Microsoft.VisualStudio.QualityTools.Tips.UnitTest.Adapter, Version=9.0.0.0, Culture=neutral, PublicKeyToken=b03f5f7f11d50a3a" className="TestProject1.funcionesTest, TestProject1" name="modularizacionTest" />
    </UnitTest>
  </TestDefinitions>
  <TestLists>
    <TestList name="Results Not in a List" id="8c84fa94-04c1-424b-9868-57a2d4851a1d" />
    <TestList name="All Loaded Results" id="19431567-8539-422a-85d7-44ee4e166bda" />
  </TestLists>
  <TestEntries>
    <TestEntry testId="efb122d4-2727-8cdc-7b5b-f4fa95109858" executionId="1dd62347-f930-4cb1-a555-0d232089b0b5" testListId="8c84fa94-04c1-424b-9868-57a2d4851a1d" />
    <TestEntry testId="d90d9c01-a388-00ed-3a2c-4a3849298f26" executionId="90b6a529-21d9-407e-beef-c827ce0dcb15" testListId="8c84fa94-04c1-424b-9868-57a2d4851a1d" />
    <TestEntry testId="f2908aa8-f366-5947-4a6b-876c6c36cba1" executionId="146b75f0-9cb6-48da-a976-7cdfe5a0e46d" testListId="8c84fa94-04c1-424b-9868-57a2d4851a1d" />
  </TestEntries>
  <Results>
    <UnitTestResult executionId="1dd62347-f930-4cb1-a555-0d232089b0b5" testId="efb122d4-2727-8cdc-7b5b-f4fa95109858" testName="ingreso_eventoTest" computerName="DELL7000" duration="00:00:00.1261947" startTime="2015-01-22T18:56:16.7579940-03:00" endTime="2015-01-22T18:56:17.2587820-03:00" testType="13cdc9d9-ddb5-4fa4-a97d-d965ccfc6d4b" outcome="Passed" testListId="8c84fa94-04c1-424b-9868-57a2d4851a1d">
      <Output>
      </Output>
    </UnitTestResult>
    <UnitTestResult executionId="90b6a529-21d9-407e-beef-c827ce0dcb15" testId="d90d9c01-a388-00ed-3a2c-4a3849298f26" testName="modularizacionTest" computerName="DELL7000" duration="00:00:33.6270253" startTime="2015-01-22T18:56:17.2617826-03:00" endTime="2015-01-22T18:56:50.8922329-03:00" testType="13cdc9d9-ddb5-4fa4-a97d-d965ccfc6d4b" outcome="Failed" testListId="8c84fa94-04c1-424b-9868-57a2d4851a1d">
      <Output>
        <ErrorInfo>
          <Message>Test method TestProject1.funcionesTest.modularizacionTest threw exception:  System.IndexOutOfRangeException: Index was outside the bounds of the array..</Message>
          <StackTrace>    at GHAU_CapaNegocio.funciones.modularizacion(String inicio, String fin, String Jornada) in C:\Users\FGM\Dropbox\Hans Molina Fleming\Verano2015\GHAU\Israel\GHAU_CapaNegocio\Funciones.vb:line 236
   at TestProject1.funcionesTest.modularizacionTest() in C:\Users\FGM\Dropbox\Hans Molina Fleming\Verano2015\GHAU\Israel\TestProject1\funcionesTest.vb:line 68
</StackTrace>
        </ErrorInfo>
      </Output>
    </UnitTestResult>
    <UnitTestResult executionId="146b75f0-9cb6-48da-a976-7cdfe5a0e46d" testId="f2908aa8-f366-5947-4a6b-876c6c36cba1" testName="ValidarChoquesExcelTest" computerName="DELL7000" duration="00:00:00.1583365" startTime="2015-01-22T18:56:50.8942303-03:00" endTime="2015-01-22T18:56:51.0549270-03:00" testType="13cdc9d9-ddb5-4fa4-a97d-d965ccfc6d4b" outcome="Passed" testListId="8c84fa94-04c1-424b-9868-57a2d4851a1d">
      <Output>
      </Output>
    </UnitTestResult>
  </Results>
</TestRun>